<?xml version="1.0" encoding="UTF-8"?>
<!-- Generated by org.testng.reporters.JUnitReportReporter -->
<testsuite hostname="SweetHome" failures="0" tests="1" name="herokuappsite.FormAuthentication" time="2.631" errors="0" timestamp="2025-05-17T22:30:13 EDT" skipped="0">
  <testcase classname="herokuappsite.FormAuthentication" name="testAuth" time="2.631"/>
</testsuite> <!-- herokuappsite.FormAuthentication -->
