<?xml version="1.0" encoding="UTF-8"?>
<!-- Generated by org.testng.reporters.JUnitReportReporter -->
<testsuite hostname="SweetHome" failures="0" tests="1" name="practiceswtesting.HammerTestCase" time="5.295" errors="0" timestamp="2025-05-20T18:43:46 EDT" skipped="0">
  <testcase classname="practiceswtesting.HammerTestCase" name="testHammerDetails" time="5.295"/>
</testsuite> <!-- practiceswtesting.HammerTestCase -->
