<?xml version="1.0" encoding="UTF-8"?>
<!-- Generated by org.testng.reporters.JUnitReportReporter -->
<testsuite hostname="SweetHome" failures="0" tests="1" name="demoqasite.SelectDropDown" time="4.411" errors="0" timestamp="2025-05-18T21:41:40 EDT" skipped="0">
  <testcase classname="demoqasite.SelectDropDown" name="selectdd01" time="4.411"/>
</testsuite> <!-- demoqasite.SelectDropDown -->
