<?xml version="1.0" encoding="UTF-8"?>
<!-- Generated by org.testng.reporters.JUnitReportReporter -->
<testsuite hostname="SweetHome" failures="0" tests="1" name="demoqasite.SelectDropDown" time="4.295" errors="0" timestamp="2025-05-14T00:01:37 EDT" skipped="0">
  <testcase classname="demoqasite.SelectDropDown" name="selectdd01" time="4.295"/>
</testsuite> <!-- demoqasite.SelectDropDown -->
