<?xml version="1.0" encoding="UTF-8"?>
<!-- Generated by org.testng.reporters.JUnitReportReporter -->
<testsuite hostname="SweetHome" failures="0" tests="1" name="herokuappsite.FormAuthentication" time="4.978" errors="0" timestamp="2025-05-20T18:42:32 EDT" skipped="0">
  <testcase classname="herokuappsite.FormAuthentication" name="testAuth" time="4.978"/>
</testsuite> <!-- herokuappsite.FormAuthentication -->
