<?xml version="1.0" encoding="UTF-8"?>
<!-- Generated by org.testng.reporters.JUnitReportReporter -->
<testsuite hostname="SweetHome" failures="0" tests="1" name="herokuappsite.DropDownClass" time="3.451" errors="0" timestamp="2025-05-14T00:03:26 EDT" skipped="0">
  <testcase classname="herokuappsite.DropDownClass" name="selectDropDown" time="3.451"/>
</testsuite> <!-- herokuappsite.DropDownClass -->
