<?xml version="1.0" encoding="UTF-8"?>
<!-- Generated by org.testng.reporters.JUnitReportReporter -->
<testsuite hostname="SweetHome" failures="0" tests="1" name="herokuappsite.JavaScriptAlerts" time="2.372" errors="0" timestamp="2025-05-17T19:06:26 EDT" skipped="0">
  <testcase classname="herokuappsite.JavaScriptAlerts" name="testJSPrompt" time="2.372"/>
</testsuite> <!-- herokuappsite.JavaScriptAlerts -->
