<?xml version="1.0" encoding="UTF-8"?>
<!-- Generated by org.testng.reporters.JUnitReportReporter -->
<testsuite hostname="SweetHome" failures="0" tests="1" name="practiceswtesting.FormSignIn" time="6.780" errors="0" timestamp="2025-05-17T16:44:16 EDT" skipped="0">
  <testcase classname="practiceswtesting.FormSignIn" name="testRegistrationUser" time="6.780"/>
</testsuite> <!-- practiceswtesting.FormSignIn -->
