<?xml version="1.0" encoding="UTF-8"?>
<!-- Generated by org.testng.reporters.JUnitReportReporter -->
<testsuite hostname="SweetHome" failures="0" tests="1" name="herokuappsite.TestNGNavigation" time="2.527" errors="0" timestamp="2025-05-12T22:56:00 EDT" skipped="0">
  <testcase classname="herokuappsite.TestNGNavigation" name="navigation" time="2.527"/>
</testsuite> <!-- herokuappsite.TestNGNavigation -->
