<?xml version="1.0" encoding="UTF-8"?>
<!-- Generated by org.testng.reporters.JUnitReportReporter -->
<testsuite hostname="SweetHome" failures="0" tests="1" name="mytest.TestClass01" time="0.015" errors="0" timestamp="2025-05-12T20:57:09 EDT" skipped="0">
  <testcase classname="mytest.TestClass01" name="testmethod" time="0.015"/>
</testsuite> <!-- mytest.TestClass01 -->
