<?xml version="1.0" encoding="UTF-8"?>
<!-- Generated by org.testng.reporters.JUnitReportReporter -->
<testsuite hostname="SweetHome" failures="0" tests="1" name="practiceswtesting.DatePicker" time="2.735" errors="0" timestamp="2025-05-18T17:44:12 EDT" skipped="0">
  <testcase classname="practiceswtesting.DatePicker" name="testDatepicker" time="2.735"/>
</testsuite> <!-- practiceswtesting.DatePicker -->
