<?xml version="1.0" encoding="UTF-8"?>
<!-- Generated by org.testng.reporters.JUnitReportReporter -->
<testsuite hostname="SweetHome" failures="0" tests="1" name="practiceswtesting.HammerTestCase" time="5.452" errors="0" timestamp="2025-05-18T23:21:04 EDT" skipped="0">
  <testcase classname="practiceswtesting.HammerTestCase" name="testHammerDetails" time="5.452"/>
</testsuite> <!-- practiceswtesting.HammerTestCase -->
