<?xml version="1.0" encoding="UTF-8"?>
<!-- Generated by org.testng.reporters.JUnitReportReporter -->
<testsuite hostname="SweetHome" failures="0" tests="1" name="stringhandlingmethods.StringMethods" time="0.007" errors="0" timestamp="2025-05-20T21:13:09 EDT" skipped="0">
  <testcase classname="stringhandlingmethods.StringMethods" name="testTrim" time="0.007"/>
</testsuite> <!-- stringhandlingmethods.StringMethods -->
