<?xml version="1.0" encoding="UTF-8"?>
<!-- Generated by org.testng.reporters.JUnitReportReporter -->
<testsuite hostname="SweetHome" failures="0" tests="1" name="practiceswtesting.CurrencySymbol" time="3.049" errors="0" timestamp="2025-05-17T18:33:36 EDT" skipped="0">
  <testcase classname="practiceswtesting.CurrencySymbol" name="testCurrencySign" time="3.049"/>
</testsuite> <!-- practiceswtesting.CurrencySymbol -->
